<?xml version="1.0" encoding="UTF-8"?>
<coverage generated="1564610933425" clover="3.2.0">
  <project timestamp="1564610933425" name="All files">
    <metrics statements="19" coveredstatements="19" conditionals="2" coveredconditionals="1" methods="7" coveredmethods="7" elements="28" coveredelements="27" complexity="0" loc="19" ncloc="19" packages="1" files="2" classes="2"/>
    <file name="api.bcb.js" path="C:\Users\Usuario\OneDrive\PROGRAMAÇÃO\FULLSTACK MASTER\Semana 8\convertmoney\lib\api.bcb.js">
      <metrics statements="12" coveredstatements="12" conditionals="2" coveredconditionals="1" methods="4" coveredmethods="4"/>
      <line num="1" count="1" type="stmt"/>
      <line num="3" count="1" type="stmt"/>
      <line num="5" count="1" type="stmt"/>
      <line num="6" count="1" type="stmt"/>
      <line num="7" count="1" type="stmt"/>
      <line num="10" count="4" type="stmt"/>
      <line num="11" count="3" type="stmt"/>
      <line num="12" count="3" type="stmt"/>
      <line num="13" count="3" type="stmt"/>
      <line num="14" count="2" type="cond" truecount="1" falsecount="1"/>
      <line num="16" count="2" type="stmt"/>
      <line num="20" count="1" type="stmt"/>
    </file>
    <file name="nums.js" path="C:\Users\Usuario\OneDrive\PROGRAMAÇÃO\FULLSTACK MASTER\Semana 8\convertmoney\lib\nums.js">
      <metrics statements="7" coveredstatements="7" conditionals="0" coveredconditionals="0" methods="3" coveredmethods="3"/>
      <line num="1" count="1" type="stmt"/>
      <line num="2" count="3" type="stmt"/>
      <line num="5" count="1" type="stmt"/>
      <line num="6" count="3" type="stmt"/>
      <line num="9" count="1" type="stmt"/>
      <line num="10" count="3" type="stmt"/>
      <line num="13" count="1" type="stmt"/>
    </file>
  </project>
</coverage>
