{"C:\\Users\\Usuario\\OneDrive\\PROGRAMAÇÃO\\FULLSTACK MASTER\\Semana 8\\convertmoney\\lib\\api.bcb.js": {"path":"C:\\Users\\Usuario\\OneDrive\\PROGRAMAÇÃO\\FULLSTACK MASTER\\Semana 8\\convertmoney\\lib\\api.bcb.js","statementMap":{"0":{"start":{"line":1,"column":14},"end":{"line":1,"column":30}},"1":{"start":{"line":3,"column":16},"end":{"line":3,"column":242}},"2":{"start":{"line":3,"column":26},"end":{"line":3,"column":242}},"3":{"start":{"line":5,"column":16},"end":{"line":8,"column":1}},"4":{"start":{"line":6,"column":15},"end":{"line":6,"column":25}},"5":{"start":{"line":7,"column":4},"end":{"line":7,"column":75}},"6":{"start":{"line":10,"column":21},"end":{"line":18,"column":1}},"7":{"start":{"line":10,"column":45},"end":{"line":18,"column":1}},"8":{"start":{"line":11,"column":4},"end":{"line":17,"column":5}},"9":{"start":{"line":12,"column":25},"end":{"line":12,"column":34}},"10":{"start":{"line":13,"column":25},"end":{"line":13,"column":45}},"11":{"start":{"line":14,"column":8},"end":{"line":14,"column":101}},"12":{"start":{"line":16,"column":8},"end":{"line":16,"column":17}},"13":{"start":{"line":20,"column":0},"end":{"line":27,"column":1}}},"fnMap":{"0":{"name":"(anonymous_0)","decl":{"start":{"line":3,"column":16},"end":{"line":3,"column":17}},"loc":{"start":{"line":3,"column":26},"end":{"line":3,"column":242}},"line":3},"1":{"name":"(anonymous_1)","decl":{"start":{"line":5,"column":16},"end":{"line":5,"column":17}},"loc":{"start":{"line":5,"column":22},"end":{"line":8,"column":1}},"line":5},"2":{"name":"(anonymous_2)","decl":{"start":{"line":10,"column":21},"end":{"line":10,"column":22}},"loc":{"start":{"line":10,"column":45},"end":{"line":18,"column":1}},"line":10},"3":{"name":"(anonymous_3)","decl":{"start":{"line":10,"column":45},"end":{"line":10,"column":46}},"loc":{"start":{"line":10,"column":56},"end":{"line":18,"column":1}},"line":10}},"branchMap":{"0":{"loc":{"start":{"line":14,"column":15},"end":{"line":14,"column":101}},"type":"cond-expr","locations":[{"start":{"line":14,"column":50},"end":{"line":14,"column":52}},{"start":{"line":14,"column":55},"end":{"line":14,"column":101}}],"line":14}},"s":{"0":1,"1":1,"2":1,"3":1,"4":1,"5":1,"6":1,"7":4,"8":3,"9":3,"10":3,"11":2,"12":2,"13":1},"f":{"0":1,"1":1,"2":4,"3":3},"b":{"0":[0,1]},"_coverageSchema":"43e27e138ebf9cfc5966b082cf9a028302ed4184","hash":"360081a53ad304701820f2c0edb8f7a314ec330c"}
,"C:\\Users\\Usuario\\OneDrive\\PROGRAMAÇÃO\\FULLSTACK MASTER\\Semana 8\\convertmoney\\lib\\nums.js": {"path":"C:\\Users\\Usuario\\OneDrive\\PROGRAMAÇÃO\\FULLSTACK MASTER\\Semana 8\\convertmoney\\lib\\nums.js","statementMap":{"0":{"start":{"line":1,"column":18},"end":{"line":3,"column":1}},"1":{"start":{"line":2,"column":4},"end":{"line":2,"column":46}},"2":{"start":{"line":5,"column":15},"end":{"line":7,"column":1}},"3":{"start":{"line":6,"column":4},"end":{"line":6,"column":49}},"4":{"start":{"line":9,"column":14},"end":{"line":11,"column":1}},"5":{"start":{"line":10,"column":4},"end":{"line":10,"column":35}},"6":{"start":{"line":13,"column":0},"end":{"line":17,"column":1}}},"fnMap":{"0":{"name":"(anonymous_0)","decl":{"start":{"line":1,"column":18},"end":{"line":1,"column":19}},"loc":{"start":{"line":1,"column":28},"end":{"line":3,"column":1}},"line":1},"1":{"name":"(anonymous_1)","decl":{"start":{"line":5,"column":15},"end":{"line":5,"column":16}},"loc":{"start":{"line":5,"column":25},"end":{"line":7,"column":1}},"line":5},"2":{"name":"(anonymous_2)","decl":{"start":{"line":9,"column":14},"end":{"line":9,"column":15}},"loc":{"start":{"line":9,"column":30},"end":{"line":11,"column":1}},"line":9}},"branchMap":{},"s":{"0":1,"1":3,"2":1,"3":3,"4":1,"5":3,"6":1},"f":{"0":3,"1":3,"2":3},"b":{},"_coverageSchema":"43e27e138ebf9cfc5966b082cf9a028302ed4184","hash":"ceae7948e7bdaac222aaf0e34215dcb5b2e08574"}
}
