TN:
SF:C:\Users\Usuario\OneDrive\PROGRAMAÇÃO\FULLSTACK MASTER\Semana 8\convertmoney\lib\api.bcb.js
FN:3,(anonymous_0)
FN:5,(anonymous_1)
FN:10,(anonymous_2)
FN:10,(anonymous_3)
FNF:4
FNH:4
FNDA:1,(anonymous_0)
FNDA:1,(anonymous_1)
FNDA:4,(anonymous_2)
FNDA:3,(anonymous_3)
DA:1,1
DA:3,1
DA:5,1
DA:6,1
DA:7,1
DA:10,4
DA:11,3
DA:12,3
DA:13,3
DA:14,2
DA:16,2
DA:20,1
LF:12
LH:12
BRDA:14,0,0,0
BRDA:14,0,1,1
BRF:2
BRH:1
end_of_record
TN:
SF:C:\Users\Usuario\OneDrive\PROGRAMAÇÃO\FULLSTACK MASTER\Semana 8\convertmoney\lib\nums.js
FN:1,(anonymous_0)
FN:5,(anonymous_1)
FN:9,(anonymous_2)
FNF:3
FNH:3
FNDA:3,(anonymous_0)
FNDA:3,(anonymous_1)
FNDA:3,(anonymous_2)
DA:1,1
DA:2,3
DA:5,1
DA:6,3
DA:9,1
DA:10,3
DA:13,1
LF:7
LH:7
BRF:0
BRH:0
end_of_record
